<?xml version="1.0" encoding="UTF-8"?>
<!-- Generated by org.testng.reporters.JUnitReportReporter -->
<testsuite hostname="Khushboo" failures="0" tests="2" name="com.cura.qa.test.AppointmentPageTest" time="9.186" errors="0" timestamp="2024-12-16T17:57:54 IST" skipped="0">
  <testcase classname="com.cura.qa.test.AppointmentPageTest" name="verifyHeadingTest" time="4.400"/>
  <system-out/>
  <testcase classname="com.cura.qa.test.AppointmentPageTest" name="makeAppointmentTest" time="4.786"/>
  <system-out/>
</testsuite> <!-- com.cura.qa.test.AppointmentPageTest -->
