<?xml version="1.0" encoding="UTF-8"?>
<!-- Generated by org.testng.reporters.JUnitReportReporter -->
<testsuite hostname="Khushboo" failures="0" tests="5" name="com.cura.qa.test.HomePageTest" time="18.607" errors="0" timestamp="2024-12-16T17:57:54 IST" skipped="0">
  <testcase classname="com.cura.qa.test.HomePageTest" name="homePageAppointmentBtnPresentTest" time="3.780"/>
  <system-out/>
  <testcase classname="com.cura.qa.test.HomePageTest" name="homePageHeading2Test" time="2.418"/>
  <system-out/>
  <testcase classname="com.cura.qa.test.HomePageTest" name="homePageTitleTest" time="3.771"/>
  <system-out/>
  <testcase classname="com.cura.qa.test.HomePageTest" name="homePageHeading1Test" time="4.507"/>
  <system-out/>
  <testcase classname="com.cura.qa.test.HomePageTest" name="clickLoginBtnTest" time="4.131"/>
  <system-out/>
</testsuite> <!-- com.cura.qa.test.HomePageTest -->
