<?xml version="1.0" encoding="UTF-8"?>
<!-- Generated by org.testng.reporters.JUnitReportReporter -->
<testsuite hostname="Khushboo" failures="0" tests="3" name="com.cura.qa.test.LoginTest" time="12.399" errors="0" timestamp="2024-12-16T17:57:54 IST" skipped="0">
  <testcase classname="com.cura.qa.test.LoginTest" name="loginPageTitleTest" time="4.341"/>
  <system-out/>
  <testcase classname="com.cura.qa.test.LoginTest" name="loginPageHeadingTest" time="3.776"/>
  <system-out/>
  <testcase classname="com.cura.qa.test.LoginTest" name="validateLoginTest" time="4.282"/>
  <system-out/>
</testsuite> <!-- com.cura.qa.test.LoginTest -->
