<?xml version="1.0" encoding="UTF-8"?>
<!-- Generated by org.testng.reporters.JUnitReportReporter -->
<testsuite hostname="Khushboo" failures="0" tests="5" name="com.cura.qa.test.HomePageTest" time="16.443" errors="0" timestamp="2024-12-20T16:26:28 IST" skipped="0">
  <testcase classname="com.cura.qa.test.HomePageTest" name="homePageAppointmentBtnPresentTest" time="3.339"/>
  <testcase classname="com.cura.qa.test.HomePageTest" name="homePageHeading1Test" time="3.096"/>
  <testcase classname="com.cura.qa.test.HomePageTest" name="homePageHeading2Test" time="3.430"/>
  <testcase classname="com.cura.qa.test.HomePageTest" name="clickLoginBtnTest" time="3.577"/>
  <testcase classname="com.cura.qa.test.HomePageTest" name="homePageTitleTest" time="3.001"/>
</testsuite> <!-- com.cura.qa.test.HomePageTest -->
