<?xml version="1.0" encoding="UTF-8"?>
<!-- Generated by org.testng.reporters.JUnitReportReporter -->
<testsuite hostname="Khushboo" failures="0" tests="3" name="com.cura.qa.test.LoginTest" time="11.741" errors="0" timestamp="2024-12-20T16:26:28 IST" skipped="0">
  <testcase classname="com.cura.qa.test.LoginTest" name="loginPageTitleTest" time="3.599"/>
  <testcase classname="com.cura.qa.test.LoginTest" name="loginPageHeadingTest" time="3.829"/>
  <testcase classname="com.cura.qa.test.LoginTest" name="validateLoginTest" time="4.313"/>
</testsuite> <!-- com.cura.qa.test.LoginTest -->
